 2022-05-06T00:51:32,291 [INFO] org.hibernate.validator.internal.util.Version HV000001: Hibernate Validator 6.1.7.Final
 2022-05-06T00:51:32,367 [INFO] com.mongodb.starter.ApplicationStarter Starting ApplicationStarter using Java 18 on Ishans-MacBook-Air.local with PID 21452 (/Users/ishanaro4/Downloads/temp_spring/acad-lms-backend/target/classes started by ishanaro4 in /Users/ishanaro4/Downloads/temp_spring/acad-lms-backend)
 2022-05-06T00:51:32,374 [INFO] com.mongodb.starter.ApplicationStarter No active profile set, falling back to default profiles: default
 2022-05-06T00:51:33,720 [INFO] org.springframework.boot.web.embedded.tomcat.TomcatWebServer Tomcat initialized with port(s): 8080 (http)
 2022-05-06T00:51:33,725 [INFO] org.apache.coyote.http11.Http11NioProtocol Initializing ProtocolHandler ["http-nio-8080"]
 2022-05-06T00:51:33,725 [INFO] org.apache.catalina.core.StandardService Starting service [Tomcat]
 2022-05-06T00:51:33,725 [INFO] org.apache.catalina.core.StandardEngine Starting Servlet engine: [Apache Tomcat/9.0.41]
 2022-05-06T00:51:33,766 [INFO] org.apache.catalina.core.ContainerBase.[Tomcat].[localhost].[/] Initializing Spring embedded WebApplicationContext
 2022-05-06T00:51:33,766 [INFO] org.springframework.boot.web.servlet.context.ServletWebServerApplicationContext Root WebApplicationContext: initialization completed in 1339 ms
 2022-05-06T00:51:33,884 [INFO] org.mongodb.driver.cluster Cluster created with settings {hosts=[127.0.0.1:27017], srvHost=mongo-db.1nb7x.mongodb.net, mode=MULTIPLE, requiredClusterType=REPLICA_SET, serverSelectionTimeout='30000 ms', requiredReplicaSetName='atlas-7iasca-shard-0'}
 2022-05-06T00:51:34,200 [INFO] org.springframework.security.web.DefaultSecurityFilterChain Will secure any request with [org.springframework.security.web.context.request.async.WebAsyncManagerIntegrationFilter@376af784, org.springframework.security.web.context.SecurityContextPersistenceFilter@819fb19, org.springframework.security.web.header.HeaderWriterFilter@360d41d0, org.springframework.web.filter.CorsFilter@a9a8ec3, org.springframework.security.web.authentication.logout.LogoutFilter@fabef2e, com.mongodb.starter.security.AuthenticationFilter@6d0114c0, com.mongodb.starter.security.AuthorizationFilter@40016ce1, org.springframework.security.web.savedrequest.RequestCacheAwareFilter@46d1b59, org.springframework.security.web.servletapi.SecurityContextHolderAwareRequestFilter@2d74cbbd, org.springframework.security.web.authentication.AnonymousAuthenticationFilter@203765b2, org.springframework.security.web.session.SessionManagementFilter@3dc82e6a, org.springframework.security.web.access.ExceptionTranslationFilter@21527b8, org.springframework.security.web.access.intercept.FilterSecurityInterceptor@45e7bb79]
 2022-05-06T00:51:34,259 [INFO] org.springframework.scheduling.concurrent.ThreadPoolTaskExecutor Initializing ExecutorService 'applicationTaskExecutor'
 2022-05-06T00:51:34,350 [INFO] org.apache.coyote.http11.Http11NioProtocol Starting ProtocolHandler ["http-nio-8080"]
 2022-05-06T00:51:34,358 [INFO] org.springframework.boot.web.embedded.tomcat.TomcatWebServer Tomcat started on port(s): 8080 (http) with context path ''
 2022-05-06T00:51:34,498 [INFO] com.mongodb.starter.ApplicationStarter Started ApplicationStarter in 2.558 seconds (JVM running for 3.661)
 2022-05-06T00:51:34,506 [INFO] org.mongodb.driver.cluster Adding discovered server mongo-db-shard-00-00.1nb7x.mongodb.net:27017 to client view of cluster
 2022-05-06T00:51:34,515 [INFO] org.mongodb.driver.cluster Adding discovered server mongo-db-shard-00-01.1nb7x.mongodb.net:27017 to client view of cluster
 2022-05-06T00:51:34,515 [INFO] org.mongodb.driver.cluster Adding discovered server mongo-db-shard-00-02.1nb7x.mongodb.net:27017 to client view of cluster
 2022-05-06T00:51:34,863 [INFO] org.mongodb.driver.connection Opened connection [connectionId{localValue:1, serverValue:77738}] to mongo-db-shard-00-01.1nb7x.mongodb.net:27017
 2022-05-06T00:51:34,863 [INFO] org.mongodb.driver.connection Opened connection [connectionId{localValue:5, serverValue:77748}] to mongo-db-shard-00-01.1nb7x.mongodb.net:27017
 2022-05-06T00:51:34,863 [INFO] org.mongodb.driver.connection Opened connection [connectionId{localValue:3, serverValue:74146}] to mongo-db-shard-00-02.1nb7x.mongodb.net:27017
 2022-05-06T00:51:34,863 [INFO] org.mongodb.driver.connection Opened connection [connectionId{localValue:4, serverValue:74146}] to mongo-db-shard-00-02.1nb7x.mongodb.net:27017
 2022-05-06T00:51:34,863 [INFO] org.mongodb.driver.cluster Monitor thread successfully connected to server with description ServerDescription{address=mongo-db-shard-00-01.1nb7x.mongodb.net:27017, type=REPLICA_SET_PRIMARY, state=CONNECTED, ok=true, minWireVersion=0, maxWireVersion=13, maxDocumentSize=16777216, logicalSessionTimeoutMinutes=30, roundTripTimeNanos=165490625, setName='atlas-7iasca-shard-0', canonicalAddress=mongo-db-shard-00-01.1nb7x.mongodb.net:27017, hosts=[mongo-db-shard-00-01.1nb7x.mongodb.net:27017, mongo-db-shard-00-00.1nb7x.mongodb.net:27017, mongo-db-shard-00-02.1nb7x.mongodb.net:27017], passives=[], arbiters=[], primary='mongo-db-shard-00-01.1nb7x.mongodb.net:27017', tagSet=TagSet{[Tag{name='nodeType', value='ELECTABLE'}, Tag{name='provider', value='AWS'}, Tag{name='region', value='AP_SOUTH_1'}, Tag{name='workloadType', value='OPERATIONAL'}]}, electionId=7fffffff0000000000000076, setVersion=5, topologyVersion=TopologyVersion{processId=62718b15cb8457085647911d, counter=6}, lastWriteDate=Fri May 06 00:51:34 IST 2022, lastUpdateTimeNanos=17452192010083}
 2022-05-06T00:51:34,863 [INFO] org.mongodb.driver.cluster Monitor thread successfully connected to server with description ServerDescription{address=mongo-db-shard-00-02.1nb7x.mongodb.net:27017, type=REPLICA_SET_SECONDARY, state=CONNECTED, ok=true, minWireVersion=0, maxWireVersion=13, maxDocumentSize=16777216, logicalSessionTimeoutMinutes=30, roundTripTimeNanos=172036167, setName='atlas-7iasca-shard-0', canonicalAddress=mongo-db-shard-00-02.1nb7x.mongodb.net:27017, hosts=[mongo-db-shard-00-01.1nb7x.mongodb.net:27017, mongo-db-shard-00-00.1nb7x.mongodb.net:27017, mongo-db-shard-00-02.1nb7x.mongodb.net:27017], passives=[], arbiters=[], primary='mongo-db-shard-00-01.1nb7x.mongodb.net:27017', tagSet=TagSet{[Tag{name='nodeType', value='ELECTABLE'}, Tag{name='provider', value='AWS'}, Tag{name='region', value='AP_SOUTH_1'}, Tag{name='workloadType', value='OPERATIONAL'}]}, electionId=null, setVersion=5, topologyVersion=TopologyVersion{processId=62718bbfded2102907a922bf, counter=3}, lastWriteDate=Fri May 06 00:51:34 IST 2022, lastUpdateTimeNanos=17452192010708}
 2022-05-06T00:51:34,864 [INFO] org.mongodb.driver.cluster Setting max election id to 7fffffff0000000000000076 from replica set primary mongo-db-shard-00-01.1nb7x.mongodb.net:27017
 2022-05-06T00:51:34,864 [INFO] org.mongodb.driver.cluster Setting max set version to 5 from replica set primary mongo-db-shard-00-01.1nb7x.mongodb.net:27017
 2022-05-06T00:51:34,864 [INFO] org.mongodb.driver.cluster Discovered replica set primary mongo-db-shard-00-01.1nb7x.mongodb.net:27017
 2022-05-06T00:51:34,866 [INFO] org.mongodb.driver.connection Opened connection [connectionId{localValue:2, serverValue:74542}] to mongo-db-shard-00-00.1nb7x.mongodb.net:27017
 2022-05-06T00:51:34,871 [INFO] org.mongodb.driver.connection Opened connection [connectionId{localValue:6, serverValue:74542}] to mongo-db-shard-00-00.1nb7x.mongodb.net:27017
 2022-05-06T00:51:34,872 [INFO] org.mongodb.driver.cluster Monitor thread successfully connected to server with description ServerDescription{address=mongo-db-shard-00-00.1nb7x.mongodb.net:27017, type=REPLICA_SET_SECONDARY, state=CONNECTED, ok=true, minWireVersion=0, maxWireVersion=13, maxDocumentSize=16777216, logicalSessionTimeoutMinutes=30, roundTripTimeNanos=162100916, setName='atlas-7iasca-shard-0', canonicalAddress=mongo-db-shard-00-00.1nb7x.mongodb.net:27017, hosts=[mongo-db-shard-00-01.1nb7x.mongodb.net:27017, mongo-db-shard-00-00.1nb7x.mongodb.net:27017, mongo-db-shard-00-02.1nb7x.mongodb.net:27017], passives=[], arbiters=[], primary='mongo-db-shard-00-01.1nb7x.mongodb.net:27017', tagSet=TagSet 2022-05-06T00:53:03,164 [INFO] org.hibernate.validator.internal.util.Version HV000001: Hibernate Validator 6.1.7.Final
 2022-05-06T00:53:03,191 [INFO] com.mongodb.starter.ApplicationStarter Starting ApplicationStarter using Java 18 on Ishans-MacBook-Air.local with PID 21751 (/Users/ishanaro4/Downloads/temp_spring/acad-lms-backend/target/classes started by ishanaro4 in /Users/ishanaro4/Downloads/temp_spring/acad-lms-backend)
 2022-05-06T00:53:03,193 [INFO] com.mongodb.starter.ApplicationStarter No active profile set, falling back to default profiles: default
 2022-05-06T00:53:03,979 [INFO] org.springframework.boot.web.embedded.tomcat.TomcatWebServer Tomcat initialized with port(s): 8080 (http)
 2022-05-06T00:53:03,984 [INFO] org.apache.coyote.http11.Http11NioProtocol Initializing ProtocolHandler ["http-nio-8080"]
 2022-05-06T00:53:03,984 [INFO] org.apache.catalina.core.StandardService Starting service [Tomcat]
 2022-05-06T00:53:03,985 [INFO] org.apache.catalina.core.StandardEngine Starting Servlet engine: [Apache Tomcat/9.0.41]
 2022-05-06T00:53:04,019 [INFO] org.apache.catalina.core.ContainerBase.[Tomcat].[localhost].[/] Initializing Spring embedded WebApplicationContext
 2022-05-06T00:53:04,019 [INFO] org.springframework.boot.web.servlet.context.ServletWebServerApplicationContext Root WebApplicationContext: initialization completed in 795 ms
 2022-05-06T00:53:04,125 [INFO] org.mongodb.driver.cluster Cluster created with settings {hosts=[127.0.0.1:27017], srvHost=mongo-db.1nb7x.mongodb.net, mode=MULTIPLE, requiredClusterType=REPLICA_SET, serverSelectionTimeout='30000 ms', requiredReplicaSetName='atlas-7iasca-shard-0'}
 2022-05-06T00:53:04,337 [INFO] org.mongodb.driver.cluster Adding discovered server mongo-db-shard-00-00.1nb7x.mongodb.net:27017 to client view of cluster
 2022-05-06T00:53:04,346 [INFO] org.mongodb.driver.cluster Adding discovered server mongo-db-shard-00-01.1nb7x.mongodb.net:27017 to client view of cluster
 2022-05-06T00:53:04,347 [INFO] org.mongodb.driver.cluster Adding discovered server mongo-db-shard-00-02.1nb7x.mongodb.net:27017 to client view of cluster
 2022-05-06T00:53:04,391 [INFO] org.springframework.security.web.DefaultSecurityFilterChain Will secure any request with [org.springframework.security.web.context.request.async.WebAsyncManagerIntegrationFilter@51af8049, org.springframework.security.web.context.SecurityContextPersistenceFilter@54463380, org.springframework.security.web.header.HeaderWriterFilter@1d8e9d3e, org.springframework.web.filter.CorsFilter@376af784, org.springframework.security.web.authentication.logout.LogoutFilter@5a06904, com.mongodb.starter.security.AuthenticationFilter@a9a8ec3, com.mongodb.starter.security.AuthorizationFilter@6d0114c0, org.springframework.security.web.savedrequest.RequestCacheAwareFilter@782ac148, org.springframework.security.web.servletapi.SecurityContextHolderAwareRequestFilter@30fbc23, org.springframework.security.web.authentication.AnonymousAuthenticationFilter@40016ce1, org.springframework.security.web.session.SessionManagementFilter@4586a8aa, org.springframework.security.web.access.ExceptionTranslationFilter@1b8fa2fa, org.springframework.security.web.access.intercept.FilterSecurityInterceptor@2ef041bb]
 2022-05-06T00:53:04,445 [INFO] org.springframework.scheduling.concurrent.ThreadPoolTaskExecutor Initializing ExecutorService 'applicationTaskExecutor'
 2022-05-06T00:53:04,528 [INFO] org.apache.coyote.http11.Http11NioProtocol Starting ProtocolHandler ["http-nio-8080"]
 2022-05-06T00:53:04,539 [INFO] org.springframework.boot.web.embedded.tomcat.TomcatWebServer Tomcat started on port(s): 8080 (http) with context path ''
 2022-05-06T00:53:04,687 [INFO] org.mongodb.driver.connection Opened connection [connectionId{localValue:2, serverValue:77776}] to mongo-db-shard-00-01.1nb7x.mongodb.net:27017
 2022-05-06T00:53:04,687 [INFO] org.mongodb.driver.connection Opened connection [connectionId{localValue:3, serverValue:74584}] to mongo-db-shard-00-00.1nb7x.mongodb.net:27017
 2022-05-06T00:53:04,687 [INFO] org.mongodb.driver.connection Opened connection [connectionId{localValue:5, serverValue:77741}] to mongo-db-shard-00-01.1nb7x.mongodb.net:27017
 2022-05-06T00:53:04,687 [INFO] org.mongodb.driver.cluster Monitor thread successfully connected to server with description ServerDescription{address=mongo-db-shard-00-01.1nb7x.mongodb.net:27017, type=REPLICA_SET_PRIMARY, state=CONNECTED, ok=true, minWireVersion=0, maxWireVersion=13, maxDocumentSize=16777216, logicalSessionTimeoutMinutes=30, roundTripTimeNanos=178201958, setName='atlas-7iasca-shard-0', canonicalAddress=mongo-db-shard-00-01.1nb7x.mongodb.net:27017, hosts=[mongo-db-shard-00-01.1nb7x.mongodb.net:27017, mongo-db-shard-00-00.1nb7x.mongodb.net:27017, mongo-db-shard-00-02.1nb7x.mongodb.net:27017], passives=[], arbiters=[], primary='mongo-db-shard-00-01.1nb7x.mongodb.net:27017', tagSet=TagSet{[Tag{name='nodeType', value='ELECTABLE'}, Tag{name='provider', value='AWS'}, Tag{name='region', value='AP_SOUTH_1'}, Tag{name='workloadType', value='OPERATIONAL'}]}, electionId=7fffffff0000000000000076, setVersion=5, topologyVersion=TopologyVersion{processId=62718b15cb8457085647911d, counter=6}, lastWriteDate=Fri May 06 00:53:04 IST 2022, lastUpdateTimeNanos=17542020923125}
 2022-05-06T00:53:04,687 [INFO] org.mongodb.driver.connection Opened connection [connectionId{localValue:6, serverValue:74584}] to mongo-db-shard-00-00.1nb7x.mongodb.net:27017
 2022-05-06T00:53:04,687 [INFO] org.mongodb.driver.cluster Monitor thread successfully connected to server with description ServerDescription{address=mongo-db-shard-00-00.1nb7x.mongodb.net:27017, type=REPLICA_SET_SECONDARY, state=CONNECTED, ok=true, minWireVersion=0, maxWireVersion=13, maxDocumentSize=16777216, logicalSessionTimeoutMinutes=30, roundTripTimeNanos=174740875, setName='atlas-7iasca-shard-0', canonicalAddress=mongo-db-shard-00-00.1nb7x.mongodb.net:27017, hosts=[mongo-db-shard-00-01.1nb7x.mongodb.net:27017, mongo-db-shard-00-00.1nb7x.mongodb.net:27017, mongo-db-shard-00-02.1nb7x.mongodb.net:27017], passives=[], arbiters=[], primary='mongo-db-shard-00-01.1nb7x.mongodb.net:27017', tagSet=TagSet{[Tag{name='nodeType', value='ELECTABLE'}, Tag{name='provider', value='AWS'}, Tag{name='region', value='AP_SOUTH_1'}, Tag{name='workloadType', value='OPERATIONAL'}]}, electionId=null, setVersion=5, topologyVersion=TopologyVersion{processId=62718a66eea168c665499a88, counter=4}, lastWriteDate=Fri May 06 00:53:04 IST 2022, lastUpdateTimeNanos=17542022044000}
 2022-05-06T00:53:04,688 [INFO] org.mongodb.driver.cluster Setting max election id to 7fffffff0000000000000076 from replica set primary mongo-db-shard-00-01.1nb7x.mongodb.net:27017
 2022-05-06T00:53:04,688 [INFO] org.mongodb.driver.cluster Setting max set version to 5 from replica set primary mongo-db-shard-00-01.1nb7x.mongodb.net:27017
 2022-05-06T00:53:04,688 [INFO] org.mongodb.driver.cluster Discovered replica set primary mongo-db-shard-00-01.1nb7x.mongodb.net:27017
 2022-05-06T00:53:04,695 [INFO] org.mongodb.driver.connection Opened connection [connectionId{localValue:4, serverValue:74189}] to mongo-db-shard-00-02.1nb7x.mongodb.net:27017
 2022-05-06T00:53:04,702 [INFO] org.mongodb.driver.connection Opened connection [connectionId{localValue:1, serverValue:74189}] to mongo-db-shard-00-02.1nb7x.mongodb.net:27017
 2022-05-06T00:53:04,702 [INFO] org.mongodb.driver.cluster Monitor thread successfully connected to server with description ServerDescription{address=mongo-db-shard-00-02.1nb7x.mongodb.net:27017, type=REPLICA_SET_SECONDARY, state=CONNECTED, ok=true, minWireVersion=0, maxWireVersion=13, maxDocumentSize=16777216, logicalSessionTimeoutMinutes=30, roundTripTimeNanos=172140959, setName='atlas-7iasca-shard-0', canonicalAddress=mongo-db-shard-00-02.1nb7x.mongodb.net:27017, hosts=[mongo-db-shard-00-01.1nb7x.mongodb.net:27017, mongo-db-shard-00-00.1nb7x.mongodb.net:27017, mongo-db-shard-00-02.1nb7x.mongodb.net:27017], passives=[], arbiters=[], primary='mongo-db-shard-00-01.1nb7x.mongodb.net:27017', tagSet=TagSet{[Tag{name='nodeType', value='ELECTABLE'}, Tag{name='provider', value='AWS'}, Tag{name='region', value='AP_SOUTH_1'}, Tag{name='workloadTy